<?xml version="1.0" encoding="UTF-8"?>
<!-- Generated by org.testng.reporters.JUnitReportReporter -->
<testsuite hostname="VIR-1110" failures="0" tests="1" name="project.logoutPage" time="2.376" errors="0" timestamp="2022-03-14T12:34:59 IST" skipped="0">
  <testcase classname="project.logoutPage" name="logoutU" time="2.376"/>
  <system-out/>
</testsuite> <!-- project.logoutPage -->
