<?xml version="1.0" encoding="UTF-8"?>
<!-- Generated by org.testng.reporters.JUnitReportReporter -->
<testsuite hostname="VIR-1110" failures="0" tests="1" name="project.registration" time="4.323" errors="0" timestamp="2022-03-14T16:27:11 IST" skipped="0">
  <testcase classname="project.registration" name="register" time="4.323"/>
  <system-out/>
</testsuite> <!-- project.registration -->
